c:\users\valued user\documents\kdu\[dated] january 2020\3d game programming\shader_skyboxnswitchshaderprogram\shader_blur_2pass\debug\vc142.pdb
c:\users\valued user\documents\kdu\[dated] january 2020\3d game programming\shader_skyboxnswitchshaderprogram\shader_blur_2pass\debug\vc142.idb
c:\users\valued user\documents\kdu\[dated] january 2020\3d game programming\shader_skyboxnswitchshaderprogram\shader_blur_2pass\debug\demo.obj
c:\users\valued user\documents\kdu\[dated] january 2020\3d game programming\shader_skyboxnswitchshaderprogram\shader_blur_2pass\debug\vector.obj
c:\users\valued user\documents\kdu\[dated] january 2020\3d game programming\shader_skyboxnswitchshaderprogram\shader_blur_2pass\debug\matrix.obj
c:\users\valued user\documents\kdu\[dated] january 2020\3d game programming\shader_skyboxnswitchshaderprogram\shader_blur_2pass\debug\geometry_utils.obj
d:\kdu\[dated] january 2020\3d game programming\shader_skyboxnswitchshaderprogram\shader_blur_2pass\debug\vc142.pdb
d:\kdu\[dated] january 2020\3d game programming\shader_skyboxnswitchshaderprogram\shader_blur_2pass\debug\vc142.idb
d:\kdu\[dated] january 2020\3d game programming\shader_skyboxnswitchshaderprogram\shader_blur_2pass\debug\demo.obj
d:\kdu\[dated] january 2020\3d game programming\shader_skyboxnswitchshaderprogram\shader_blur_2pass\debug\vector.obj
d:\kdu\[dated] january 2020\3d game programming\shader_skyboxnswitchshaderprogram\shader_blur_2pass\debug\matrix.obj
d:\kdu\[dated] january 2020\3d game programming\shader_skyboxnswitchshaderprogram\shader_blur_2pass\debug\geometry_utils.obj
c:\users\valued user\documents\kdu\[dated] january 2020\3d game programming\shader_skyboxnswitchshaderprogram\debug\shader_blur_2pass.ilk
c:\users\valued user\documents\kdu\[dated] january 2020\3d game programming\shader_skyboxnswitchshaderprogram\debug\shader_blur_2pass.exe
c:\users\valued user\documents\kdu\[dated] january 2020\3d game programming\shader_skyboxnswitchshaderprogram\debug\shader_blur_2pass.pdb
d:\kdu\[dated] january 2020\3d game programming\shader_skyboxnswitchshaderprogram\debug\shader_blur_2pass.ilk
d:\kdu\[dated] january 2020\3d game programming\shader_skyboxnswitchshaderprogram\debug\shader_blur_2pass.exe
d:\kdu\[dated] january 2020\3d game programming\shader_skyboxnswitchshaderprogram\debug\shader_blur_2pass.pdb
d:\kdu\[dated] 2020-1\3d game programming\shader_skyboxnswitchshaderprogram\shader_blur_2pass\debug\demo.obj
d:\kdu\[dated] 2020-1\3d game programming\shader_skyboxnswitchshaderprogram\shader_blur_2pass\debug\geometry_utils.obj
d:\kdu\[dated] 2020-1\3d game programming\shader_skyboxnswitchshaderprogram\shader_blur_2pass\debug\matrix.obj
d:\kdu\[dated] 2020-1\3d game programming\shader_skyboxnswitchshaderprogram\shader_blur_2pass\debug\vector.obj
d:\kdu\[dated] 2020-1\3d game programming\shader_skyboxnswitchshaderprogram\shader_blur_2pass\debug\vc142.idb
d:\kdu\[dated] 2020-1\3d game programming\shader_skyboxnswitchshaderprogram\shader_blur_2pass\debug\vc142.pdb
d:\kdu\[dated] 2020-1\3d game programming\shader_skyboxnswitchshaderprogram\debug\shader_blur_2pass.pdb
d:\kdu\[dated] 2020-1\3d game programming\shader_skyboxnswitchshaderprogram\debug\shader_blur_2pass.exe
d:\kdu\[dated] 2020-1\3d game programming\shader_skyboxnswitchshaderprogram\debug\shader_blur_2pass.ilk
d:\kdu\[dated] 2020-1\3d game programming\shader_skyboxnswitchshaderprogram\shader_blur_2pass\debug\shader_b.7d417d45.tlog\cl.command.1.tlog
d:\kdu\[dated] 2020-1\3d game programming\shader_skyboxnswitchshaderprogram\shader_blur_2pass\debug\shader_b.7d417d45.tlog\cl.read.1.tlog
d:\kdu\[dated] 2020-1\3d game programming\shader_skyboxnswitchshaderprogram\shader_blur_2pass\debug\shader_b.7d417d45.tlog\cl.write.1.tlog
d:\kdu\[dated] 2020-1\3d game programming\shader_skyboxnswitchshaderprogram\shader_blur_2pass\debug\shader_b.7d417d45.tlog\link.command.1.tlog
d:\kdu\[dated] 2020-1\3d game programming\shader_skyboxnswitchshaderprogram\shader_blur_2pass\debug\shader_b.7d417d45.tlog\link.read.1.tlog
d:\kdu\[dated] 2020-1\3d game programming\shader_skyboxnswitchshaderprogram\shader_blur_2pass\debug\shader_b.7d417d45.tlog\link.write.1.tlog
